<?xml version="1.0" encoding="UTF-8"?>
<testsuite name="kr.co.fastcampus.eatgo.application.RestaurantServiceTest" tests="1" skipped="0" failures="0" errors="0" timestamp="2020-09-21T13:29:31" hostname="DESKTOP-VJARFCC" time="0.397">
  <properties/>
  <testcase name="getRestaurant" classname="kr.co.fastcampus.eatgo.application.RestaurantServiceTest" time="0.397"/>
  <system-out><![CDATA[]]></system-out>
  <system-err><![CDATA[]]></system-err>
</testsuite>
